                   
                   
┌─────────────────┐
│ 3 Code Findings │
└─────────────────┘
                                                                                
    /rootsrc/CWE_89__unserialize__func_FILTER-CLEANING-email_filter__select_from
  -sprintf_%s_simple_quote.php                                                  
       myrule.lang.security.unserialize-use                                     
          Calling `unserialize()` with user input in the pattern can lead to    
  arbitrary code execution.                                                     
          Consider using JSON or structured data approaches (e.g. Google        
  Protocol Buffers).                                                            
                                                                                
            9┆ $tainted = unserialize($string);
            ⋮┆----------------------------------------
       myrule.lang.security.injection.tainted-sql-string                        
          User data flows into this manually-constructed SQL string. User data  
  can be safely inserted                                                        
          into SQL strings using prepared statements or an object-relational    
  mapper (ORM). Manually-                                                       
          constructed SQL strings is a possible indicator of SQL injection,     
  which could let an                                                            
          attacker steal or manipulate data from the database. Instead, use     
  prepared statements                                                           
          (`$mysqli->prepare("INSERT INTO test(id, label) VALUES (?, ?)");`) or 
  a safe library.                                                               
                                                                                
           16┆ $query = sprintf("SELECT * FROM '%s'", $tainted);
            ⋮┆----------------------------------------
       myrule.lang.security.injection.echoed-request                            
          `Echo`ing user input risks cross-site scripting vulnerability. You    
  should use                                                                    
          `htmlentities()` when showing data to users.                          
                                                                                
           20┆ echo "query : ". $query ."<br /><br />" ;

