                   
                   
┌─────────────────┐
│ 3 Code Findings │
└─────────────────┘
                                                                                
    /rootsrc/CWE_78__unserialize__whitelist_using_array__find_size-concatenation
  _simple_quote.php                                                             
       php.lang.security.unserialize-use.unserialize-use                        
          Calling `unserialize()` with user input in the pattern can lead to    
  arbitrary code execution.                                                     
          Consider using JSON or structured data approaches (e.g. Google        
  Protocol Buffers).                                                            
          Details: https://sg.run/b24E                                          
                                                                                
            9┆ $tainted = unserialize($string);
            ⋮┆----------------------------------------
       php.lang.security.exec-use.exec-use                                    
          Executing non-constant commands. This can lead to command injection.
          Details: https://sg.run/5Q1j                                        
                                                                              
           18┆ $ret = system($query);
            ⋮┆----------------------------------------
       php.lang.security.tainted-exec.tainted-exec                              
          Executing non-constant commands. This can lead to command injection.  
  You should use                                                                
          `escapeshellarg()` when using command.                                
          Details: https://sg.run/JAkP                                          
                                                                                
           18┆ $ret = system($query);

