                   
                   
┌─────────────────┐
│ 3 Code Findings │
└─────────────────┘
                                                                                
    /rootsrc/CWE_78__unserialize__whitelist_using_array__find_size-concatenation
  _simple_quote.php                                                             
       myrule.lang.security.unserialize-use                                     
          Calling `unserialize()` with user input in the pattern can lead to    
  arbitrary code execution.                                                     
          Consider using JSON or structured data approaches (e.g. Google        
  Protocol Buffers).                                                            
                                                                                
            9┆ $tainted = unserialize($string);
            ⋮┆----------------------------------------
       myrule.lang.security.exec-use                                          
          Executing non-constant commands. This can lead to command injection.
                                                                              
           18┆ $ret = system($query);
            ⋮┆----------------------------------------
       myrule.lang.security.tmp.tainted-exec                                    
          Executing non-constant commands. This can lead to command injection.  
  You should use                                                                
          `escapeshellarg()` when using command.                                
                                                                                
           18┆ $ret = system($query);

