                   
                   
┌─────────────────┐
│ 3 Code Findings │
└─────────────────┘
                                                                                
    /src/175278-v1.0.0/src/CWE_78__unserialize__no_sanitizing__find_size-interpr
  etation_simple_quote.php                                                      
       myrule.semgrep-rules_php.lang.security.unserialize-use                   
          Calling `unserialize()` with user input in the pattern can lead to    
  arbitrary code execution.                                                     
          Consider using JSON or structured data approaches (e.g. Google        
  Protocol Buffers).                                                            
                                                                                
            9┆ $tainted = unserialize($string);
            ⋮┆----------------------------------------
       myrule.semgrep-rules_php.lang.security.exec-use                        
          Executing non-constant commands. This can lead to command injection.
                                                                              
           14┆ $ret = system($query);
            ⋮┆----------------------------------------
       myrule.semgrep-rules_php.lang.security.tmp.tainted-exec                  
          Executing non-constant commands. This can lead to command injection.  
  You should use                                                                
          `escapeshellarg()` when using command.                                
                                                                                
           14┆ $ret = system($query);

