                   
                   
┌─────────────────┐
│ 3 Code Findings │
└─────────────────┘
                                                                                
    /src/174608-v1.0.0/src/CWE_89__unserialize__func_FILTER-CLEANING-number_floa
  t_filter__select_from_where-interpretation_simple_quote.php                   
       myrule.sqlinj.sql-injection-php-potential-apps3c                         
          Detected a string starting with a SQL operation with a concatenated   
  value. This could lead                                                        
          to SQL injection if variables in the SQL  statement are not properly  
  sanitized.                                                                    
                                                                                
           16┆ $query = "SELECT * FROM student where id=' $tainted '";
            ⋮┆----------------------------------------
       myrule.sqlinj.tainted-sql-string                                         
          User data flows into this manually-constructed SQL string. User data  
  can be safely inserted                                                        
          into SQL strings using prepared statements or an object-relational    
  mapper (ORM). Manually-                                                       
          constructed SQL strings is a possible indicator of SQL injection,     
  which could let an                                                            
          attacker steal or manipulate data from the database. Instead, use     
  prepared statements                                                           
          (`$mysqli->prepare("INSERT INTO test(id, label) VALUES (?, ?)");`) or 
  a safe library.                                                               
                                                                                
           16┆ $query = "SELECT * FROM student where id=' $tainted '";
            ⋮┆----------------------------------------
       myrule.sqlinj.tainted-sql-string2                                        
          User data flows into this manually-constructed SQL string. User data  
  can be safely inserted                                                        
          into SQL strings using prepared statements or an object-relational    
  mapper (ORM). Manually-                                                       
          constructed SQL strings is a possible indicator of SQL injection,     
  which could let an                                                            
          attacker steal or manipulate data from the database. Instead, use     
  prepared statements                                                           
          (`$mysqli->prepare("INSERT INTO test(id, label) VALUES (?, ?)");`) or 
  a safe library.                                                               
                                                                                
           16┆ $query = "SELECT * FROM student where id=' $tainted '";

