                   
                   
â”Œâ”€â”€â”€â”€â”€â”€â”€â”€â”€â”€â”€â”€â”€â”€â”€â”€â”€â”
â”‚ 2 Code Findings â”‚
â””â”€â”€â”€â”€â”€â”€â”€â”€â”€â”€â”€â”€â”€â”€â”€â”€â”€â”˜
                                                                                
    /src/166767-v1.0.0/src/CWE_89__POST__CAST-func_settype_float__multiple_AS-sp
  rintf_%u.php                                                                  
       myrule.semgrep-rules_php.lang.security.injection.tainted-sql-string      
          User data flows into this manually-constructed SQL string. User data  
  can be safely inserted                                                        
          into SQL strings using prepared statements or an object-relational    
  mapper (ORM). Manually-                                                       
          constructed SQL strings is a possible indicator of SQL injection,     
  which could let an                                                            
          attacker steal or manipulate data from the database. Instead, use     
  prepared statements                                                           
          (`$mysqli->prepare("INSERT INTO test(id, label) VALUES (?, ?)");`) or 
  a safe library.                                                               
                                                                                
           13â”†  ... sprintf("SELECT Trim(a.FirstName) & ' ' & Trim(a.LastName)  
  AS employee_name, a.city, a.street & (' ' +a.housenum) AS address FROM        
  Employees AS a  WHERE a.superv ... [0m                                        
            [shortened a long line from output, adjust with                     
  --max-chars-per-line]                                                         
            â‹®â”†----------------------------------------
       myrule.semgrep-rules_php.lang.security.injection.echoed-request          
          `Echo`ing user input risks cross-site scripting vulnerability. You    
  should use                                                                    
          `htmlentities()` when showing data to users.                          
                                                                                
           16â”† echo "query : ". $query ."<br /><br />" ;

